<?xml version="1.0" encoding="utf-8"?><testsuites name="pytest tests"><testsuite name="pytest" errors="0" failures="0" skipped="0" tests="16" time="2.093" timestamp="2026-02-10T20:40:56.555373+00:00" hostname="agent-env-5dc6d3e2-5280-4c9d-be5f-171a555a8f96"><testcase classname="tests.test_aatl_aatr_swarm.TestAIThreatIntelligenceDashboard" name="test_get_intelligence_dashboard" time="0.365" /><testcase classname="tests.test_aatl_aatr_swarm.TestAATLAssessments" name="test_get_aatl_assessments" time="0.040" /><testcase classname="tests.test_aatl_aatr_swarm.TestAATLAssessments" name="test_get_aatl_assessments_with_min_threat" time="0.040" /><testcase classname="tests.test_aatl_aatr_swarm.TestAATRRegistry" name="test_get_aatr_entries" time="0.038" /><testcase classname="tests.test_aatl_aatr_swarm.TestAATRRegistry" name="test_get_aatr_indicators" time="0.038" /><testcase classname="tests.test_aatl_aatr_swarm.TestCLIEventIngestion" name="test_ingest_single_cli_event" time="0.037" /><testcase classname="tests.test_aatl_aatr_swarm.TestCLIEventIngestion" name="test_ingest_cli_event_with_aatl_assessment" time="0.697" /><testcase classname="tests.test_aatl_aatr_swarm.TestCLIEventIngestion" name="test_ingest_batch_cli_events" time="0.045" /><testcase classname="tests.test_aatl_aatr_swarm.TestSwarmDevices" name="test_get_discovered_devices" time="0.038" /><testcase classname="tests.test_aatl_aatr_swarm.TestSwarmOverview" name="test_get_swarm_overview" time="0.041" /><testcase classname="tests.test_aatl_aatr_swarm.TestNetworkScan" name="test_trigger_network_scan" time="0.037" /><testcase classname="tests.test_aatl_aatr_swarm.TestNetworkScan" name="test_get_scan_status" time="0.034" /><testcase classname="tests.test_aatl_aatr_swarm.TestTelemetry" name="test_get_telemetry" time="0.038" /><testcase classname="tests.test_aatl_aatr_swarm.TestTelemetry" name="test_get_telemetry_stats" time="0.037" /><testcase classname="tests.test_aatl_aatr_swarm.TestAATLBehaviorDetection" name="test_detect_machine_like_behavior" time="0.389" /><testcase classname="tests.test_aatl_aatr_swarm.TestAATLBehaviorDetection" name="test_threat_strategies" time="0.036" /></testsuite></testsuites>