<?xml version="1.0" encoding="utf-8"?><testsuites name="pytest tests"><testsuite name="pytest" errors="0" failures="5" skipped="0" tests="29" time="13.696" timestamp="2026-03-03T18:59:51.769470+00:00" hostname="agent-env-5699742c-715a-45a0-9edd-b316e00b975c"><testcase classname="tests.test_system_audit_v30.TestAuthAndBasics" name="test_health_endpoint" time="0.661" /><testcase classname="tests.test_system_audit_v30.TestSwarmFeatures" name="test_swarm_overview" time="0.514" /><testcase classname="tests.test_system_audit_v30.TestSwarmFeatures" name="test_swarm_devices" time="0.521" /><testcase classname="tests.test_system_audit_v30.TestSwarmFeatures" name="test_swarm_telemetry" time="0.632" /><testcase classname="tests.test_system_audit_v30.TestSwarmFeatures" name="test_swarm_telemetry_stats" time="0.566" /><testcase classname="tests.test_system_audit_v30.TestSwarmFeatures" name="test_swarm_deployment_status" time="0.473" /><testcase classname="tests.test_system_audit_v30.TestSwarmFeatures" name="test_swarm_groups" time="0.451" /><testcase classname="tests.test_system_audit_v30.TestSwarmFeatures" name="test_swarm_tags" time="0.438" /><testcase classname="tests.test_system_audit_v30.TestSwarmFeatures" name="test_swarm_batch_deploy" time="0.526" /><testcase classname="tests.test_system_audit_v30.TestSOARFeatures" name="test_soar_stats" time="0.464" /><testcase classname="tests.test_system_audit_v30.TestSOARFeatures" name="test_soar_playbooks" time="0.514" /><testcase classname="tests.test_system_audit_v30.TestSOARFeatures" name="test_soar_templates_count_14" time="0.495" /><testcase classname="tests.test_system_audit_v30.TestSOARFeatures" name="test_soar_executions" time="0.523" /><testcase classname="tests.test_system_audit_v30.TestVNSAlertsFeatures" name="test_vns_alerts_status" time="0.485" /><testcase classname="tests.test_system_audit_v30.TestThreatHuntingFeatures" name="test_hunting_status" time="0.452" /><testcase classname="tests.test_system_audit_v30.TestThreatHuntingFeatures" name="test_hunting_rules" time="0.502" /><testcase classname="tests.test_system_audit_v30.TestCommandCenterFeatures" name="test_command_center_agents" time="0.494"><failure message="AssertionError: assert 'agents' in [{'created_at': '2026-02-09T18:17:33.394533+00:00', 'id': '00449d798cdde287', 'ip': '192.168.101.247', 'last_heartbeat': '2026-02-12T20:12:32.587036+00:00', ...}, {'created_at': '2026-02-12T09:19:15.492913+00:00', 'id': '7b945f886e115da7', 'ip': '169.254.10.30', 'last_heartbeat': '2026-02-12T11:17:27.266941+00:00', ...}, {'created_at': '2026-02-09T14:39:54.102305+00:00', 'id': 'test-agent-001', 'ip': '192.168.1.100', 'last_heartbeat': '2026-02-09T14:39:54.102255+00:00', ...}, {'created_at': None, 'id': 'seraph-001', 'ip': None, 'last_heartbeat': None, ...}, {'created_at': None, 'id': 'seraph-002', 'ip': None, 'last_heartbeat': None, ...}, {'created_at': None, 'id': 'seraph-003', 'ip': None, 'last_heartbeat': None, ...}, ...]">tests/test_system_audit_v30.py:340: in test_command_center_agents
    assert "agents" in data
E   AssertionError: assert 'agents' in [{'created_at': '2026-02-09T18:17:33.394533+00:00', 'id': '00449d798cdde287', 'ip': '192.168.101.247', 'last_heartbeat': '2026-02-12T20:12:32.587036+00:00', ...}, {'created_at': '2026-02-12T09:19:15.492913+00:00', 'id': '7b945f886e115da7', 'ip': '169.254.10.30', 'last_heartbeat': '2026-02-12T11:17:27.266941+00:00', ...}, {'created_at': '2026-02-09T14:39:54.102305+00:00', 'id': 'test-agent-001', 'ip': '192.168.1.100', 'last_heartbeat': '2026-02-09T14:39:54.102255+00:00', ...}, {'created_at': None, 'id': 'seraph-001', 'ip': None, 'last_heartbeat': None, ...}, {'created_at': None, 'id': 'seraph-002', 'ip': None, 'last_heartbeat': None, ...}, {'created_at': None, 'id': 'seraph-003', 'ip': None, 'last_heartbeat': None, ...}, ...]</failure></testcase><testcase classname="tests.test_system_audit_v30.TestMultiTenancyFeatures" name="test_tenants_list" time="0.468" /><testcase classname="tests.test_system_audit_v30.TestMultiTenancyFeatures" name="test_tenants_tiers" time="0.450"><failure message="AssertionError: assert 'tiers' in {'enterprise': {'name': 'Enterprise', 'quota': {'features': ['all'], 'max_agents': -1, 'max_api_calls_per_day': -1, 'max_honeypots': -1, ...}}, 'free': {'name': 'Free', 'quota': {'features': ['basic_dashboard', 'threat_detection', 'alerts'], 'max_agents': 3, 'max_api_calls_per_day': 1000, 'max_honeypots': 2, ...}}, 'professional': {'name': 'Professional', 'quota': {'features': ['basic_dashboard', 'threat_detection', 'alerts', 'soar_full', 'reporting', 'api_access', ...], 'max_agents': 50, 'max_api_calls_per_day': 100000, 'max_honeypots': 50, ...}}, 'starter': {'name': 'Starter', 'quota': {'features': ['basic_dashboard', 'threat_detection', 'alerts', 'soar_basic', 'reporting', 'api_access'], 'max_agents': 10, 'max_api_calls_per_day': 10000, 'max_honeypots': 10, ...}}}">tests/test_system_audit_v30.py:386: in test_tenants_tiers
    assert "tiers" in data
E   AssertionError: assert 'tiers' in {'enterprise': {'name': 'Enterprise', 'quota': {'features': ['all'], 'max_agents': -1, 'max_api_calls_per_day': -1, 'max_honeypots': -1, ...}}, 'free': {'name': 'Free', 'quota': {'features': ['basic_dashboard', 'threat_detection', 'alerts'], 'max_agents': 3, 'max_api_calls_per_day': 1000, 'max_honeypots': 2, ...}}, 'professional': {'name': 'Professional', 'quota': {'features': ['basic_dashboard', 'threat_detection', 'alerts', 'soar_full', 'reporting', 'api_access', ...], 'max_agents': 50, 'max_api_calls_per_day': 100000, 'max_honeypots': 50, ...}}, 'starter': {'name': 'Starter', 'quota': {'features': ['basic_dashboard', 'threat_detection', 'alerts', 'soar_basic', 'reporting', 'api_access'], 'max_agents': 10, 'max_api_calls_per_day': 10000, 'max_honeypots': 10, ...}}}</failure></testcase><testcase classname="tests.test_system_audit_v30.TestReportsFeatures" name="test_reports_health" time="0.471" /><testcase classname="tests.test_system_audit_v30.TestReportsFeatures" name="test_reports_list" time="0.491"><failure message="assert 404 == 200&#10; +  where 404 = &lt;Response [404]&gt;.status_code">tests/test_system_audit_v30.py:434: in test_reports_list
    assert response.status_code == 200
E   assert 404 == 200
E    +  where 404 = &lt;Response [404]&gt;.status_code</failure></testcase><testcase classname="tests.test_system_audit_v30.TestBrowserExtensionFeatures" name="test_browser_extension_download" time="0.173" /><testcase classname="tests.test_system_audit_v30.TestBrowserExtensionFeatures" name="test_browser_extension_check_safe_domain" time="0.110" /><testcase classname="tests.test_system_audit_v30.TestBrowserExtensionFeatures" name="test_browser_extension_check_malicious_domain" time="0.115" /><testcase classname="tests.test_system_audit_v30.TestDashboardFeatures" name="test_dashboard_stats" time="0.537" /><testcase classname="tests.test_system_audit_v30.TestAlertsFeatures" name="test_alerts_list" time="0.515"><failure message="assert 500 == 200&#10; +  where 500 = &lt;Response [500]&gt;.status_code">tests/test_system_audit_v30.py:543: in test_alerts_list
    assert response.status_code == 200
E   assert 500 == 200
E    +  where 500 = &lt;Response [500]&gt;.status_code</failure></testcase><testcase classname="tests.test_system_audit_v30.TestNetworkTopologyFeatures" name="test_network_topology_data" time="0.465" /><testcase classname="tests.test_system_audit_v30.TestThreatIntelFeatures" name="test_threat_intel_feeds" time="0.442"><failure message="assert 404 == 200&#10; +  where 404 = &lt;Response [404]&gt;.status_code">tests/test_system_audit_v30.py:622: in test_threat_intel_feeds
    assert response.status_code == 200
E   assert 404 == 200
E    +  where 404 = &lt;Response [404]&gt;.status_code</failure></testcase><testcase classname="tests.test_system_audit_v30.TestUnifiedAgentFeatures" name="test_unified_agent_stats" time="0.490" /></testsuite></testsuites>