<?xml version="1.0" encoding="utf-8"?><testsuites name="pytest tests"><testsuite name="pytest" errors="0" failures="2" skipped="0" tests="25" time="6.704" timestamp="2026-03-09T14:04:29.176834+00:00" hostname="agent-env-819b7274-eb95-4cda-a9f1-7e200cfa6d9d"><testcase classname="tests.test_email_gateway_mdm.TestAuthentication" name="test_login" time="0.468" /><testcase classname="tests.test_email_gateway_mdm.TestEmailGatewayEndpoints" name="test_gateway_stats" time="0.448" /><testcase classname="tests.test_email_gateway_mdm.TestEmailGatewayEndpoints" name="test_gateway_quarantine" time="0.182" /><testcase classname="tests.test_email_gateway_mdm.TestEmailGatewayEndpoints" name="test_gateway_blocklist_get" time="0.117" /><testcase classname="tests.test_email_gateway_mdm.TestEmailGatewayEndpoints" name="test_gateway_allowlist_get" time="0.144" /><testcase classname="tests.test_email_gateway_mdm.TestEmailGatewayEndpoints" name="test_gateway_policies" time="0.106" /><testcase classname="tests.test_email_gateway_mdm.TestEmailGatewayEndpoints" name="test_gateway_blocklist_add_remove" time="0.405" /><testcase classname="tests.test_email_gateway_mdm.TestEmailGatewayEndpoints" name="test_gateway_allowlist_add" time="0.228" /><testcase classname="tests.test_email_gateway_mdm.TestEmailGatewayEndpoints" name="test_gateway_process_email" time="0.222" /><testcase classname="tests.test_email_gateway_mdm.TestEmailGatewayEndpoints" name="test_gateway_requires_auth" time="0.108" /><testcase classname="tests.test_email_gateway_mdm.TestMDMConnectorsEndpoints" name="test_mdm_status" time="0.449" /><testcase classname="tests.test_email_gateway_mdm.TestMDMConnectorsEndpoints" name="test_mdm_devices" time="0.173" /><testcase classname="tests.test_email_gateway_mdm.TestMDMConnectorsEndpoints" name="test_mdm_policies" time="0.110" /><testcase classname="tests.test_email_gateway_mdm.TestMDMConnectorsEndpoints" name="test_mdm_platforms" time="0.107" /><testcase classname="tests.test_email_gateway_mdm.TestMDMConnectorsEndpoints" name="test_mdm_add_connector" time="0.104"><failure message="AssertionError: Add connector failed: {&quot;detail&quot;:&quot;Permission denied. Required: admin&quot;}&#10;assert 403 == 200&#10; +  where 403 = &lt;Response [403]&gt;.status_code">tests/test_email_gateway_mdm.py:331: in test_mdm_add_connector
    assert response.status_code == 200, f"Add connector failed: {response.text}"
E   AssertionError: Add connector failed: {"detail":"Permission denied. Required: admin"}
E   assert 403 == 200
E    +  where 403 = &lt;Response [403]&gt;.status_code</failure></testcase><testcase classname="tests.test_email_gateway_mdm.TestMDMConnectorsEndpoints" name="test_mdm_sync" time="0.100" /><testcase classname="tests.test_email_gateway_mdm.TestMDMConnectorsEndpoints" name="test_mdm_connect_all" time="0.158"><failure message="AssertionError: Connect all failed: {&quot;detail&quot;:&quot;Permission denied. Required: admin&quot;}&#10;assert 403 == 200&#10; +  where 403 = &lt;Response [403]&gt;.status_code">tests/test_email_gateway_mdm.py:364: in test_mdm_connect_all
    assert response.status_code == 200, f"Connect all failed: {response.text}"
E   AssertionError: Connect all failed: {"detail":"Permission denied. Required: admin"}
E   assert 403 == 200
E    +  where 403 = &lt;Response [403]&gt;.status_code</failure></testcase><testcase classname="tests.test_email_gateway_mdm.TestMDMConnectorsEndpoints" name="test_mdm_requires_auth" time="0.116" /><testcase classname="tests.test_email_gateway_mdm.TestCSPMAuthentication" name="test_cspm_scan_requires_auth" time="0.105" /><testcase classname="tests.test_email_gateway_mdm.TestCSPMAuthentication" name="test_cspm_scan_with_auth" time="0.462" /><testcase classname="tests.test_email_gateway_mdm.TestCSPMAuthentication" name="test_cspm_providers_list" time="0.100" /><testcase classname="tests.test_email_gateway_mdm.TestCSPMAuthentication" name="test_cspm_dashboard" time="0.115" /><testcase classname="tests.test_email_gateway_mdm.TestCSPMAuthentication" name="test_cspm_findings" time="0.106" /><testcase classname="tests.test_email_gateway_mdm.TestEndpointSecurity" name="test_all_email_gateway_endpoints_require_auth" time="1.147" /><testcase classname="tests.test_email_gateway_mdm.TestEndpointSecurity" name="test_all_mdm_endpoints_require_auth" time="0.754" /></testsuite></testsuites>