<?xml version="1.0" encoding="utf-8"?><testsuites name="pytest tests"><testsuite name="pytest" errors="0" failures="0" skipped="0" tests="16" time="1.234" timestamp="2026-02-10T07:33:17.564859+00:00" hostname="agent-env-a1d56cdf-a5e8-4c81-aab9-a8456d53ccff"><testcase classname="tests.test_cli_cce_soar.TestCLIEventIngestion" name="test_ingest_cli_command_success" time="0.335" /><testcase classname="tests.test_cli_cce_soar.TestCLIEventIngestion" name="test_ingest_cli_command_with_timestamp" time="0.047" /><testcase classname="tests.test_cli_cce_soar.TestCLIEventIngestion" name="test_ingest_cli_command_missing_required_fields" time="0.040" /><testcase classname="tests.test_cli_cce_soar.TestCLISessionSummaries" name="test_get_all_session_summaries" time="0.040" /><testcase classname="tests.test_cli_cce_soar.TestCLISessionSummaries" name="test_get_session_summaries_with_min_ml_filter" time="0.037" /><testcase classname="tests.test_cli_cce_soar.TestCLISessionSummaries" name="test_get_session_summaries_by_host" time="0.077" /><testcase classname="tests.test_cli_cce_soar.TestCLICommands" name="test_get_cli_commands_by_host" time="0.037" /><testcase classname="tests.test_cli_cce_soar.TestDeceptionHits" name="test_ingest_deception_hit" time="0.040" /><testcase classname="tests.test_cli_cce_soar.TestDeceptionHits" name="test_get_deception_hits" time="0.039" /><testcase classname="tests.test_cli_cce_soar.TestDeceptionHits" name="test_get_deception_hits_by_severity" time="0.036" /><testcase classname="tests.test_cli_cce_soar.TestSOARPlaybooks" name="test_get_soar_stats" time="0.033" /><testcase classname="tests.test_cli_cce_soar.TestSOARPlaybooks" name="test_get_soar_playbooks" time="0.037" /><testcase classname="tests.test_cli_cce_soar.TestSOARPlaybooks" name="test_get_soar_executions" time="0.079" /><testcase classname="tests.test_cli_cce_soar.TestSessionSummaryIngestion" name="test_ingest_session_summary" time="0.041" /><testcase classname="tests.test_cli_cce_soar.TestSessionSummaryIngestion" name="test_ingest_high_risk_session_summary" time="0.058" /><testcase classname="tests.test_cli_cce_soar.TestCCEWorkerIntegration" name="test_cce_worker_generates_summaries" time="0.197" /></testsuite></testsuites>