<?xml version="1.0" encoding="utf-8"?><testsuites name="pytest tests"><testsuite name="pytest" errors="0" failures="0" skipped="0" tests="22" time="6.583" timestamp="2026-02-09T16:49:46.761925+00:00" hostname="agent-env-262d71ae-e2f7-452f-9a5c-acf11d8e324c"><testcase classname="backend.tests.test_threat_response.TestThreatResponseAPI" name="test_get_threat_response_stats" time="0.301" /><testcase classname="backend.tests.test_threat_response.TestThreatResponseAPI" name="test_stats_requires_auth" time="0.301" /><testcase classname="backend.tests.test_threat_response.TestThreatResponseAPI" name="test_get_threat_response_settings" time="0.290" /><testcase classname="backend.tests.test_threat_response.TestThreatResponseAPI" name="test_settings_requires_admin" time="0.300" /><testcase classname="backend.tests.test_threat_response.TestThreatResponseAPI" name="test_get_blocked_ips_list" time="0.272" /><testcase classname="backend.tests.test_threat_response.TestThreatResponseAPI" name="test_blocked_ips_requires_auth" time="0.299" /><testcase classname="backend.tests.test_threat_response.TestThreatResponseAPI" name="test_block_ip_endpoint_validation" time="0.283" /><testcase classname="backend.tests.test_threat_response.TestThreatResponseAPI" name="test_block_ip_requires_admin" time="0.297" /><testcase classname="backend.tests.test_threat_response.TestThreatResponseAPI" name="test_block_ip_with_valid_data" time="0.280" /><testcase classname="backend.tests.test_threat_response.TestThreatResponseAPI" name="test_unblock_ip_requires_admin" time="0.299" /><testcase classname="backend.tests.test_threat_response.TestThreatResponseAPI" name="test_unblock_nonexistent_ip" time="0.272" /><testcase classname="backend.tests.test_threat_response.TestThreatResponseAPI" name="test_get_response_history" time="0.283" /><testcase classname="backend.tests.test_threat_response.TestThreatResponseAPI" name="test_response_history_with_limit" time="0.271" /><testcase classname="backend.tests.test_threat_response.TestThreatResponseAPI" name="test_response_history_requires_auth" time="0.297" /><testcase classname="backend.tests.test_threat_response.TestThreatResponseAPI" name="test_get_openclaw_status" time="0.267" /><testcase classname="backend.tests.test_threat_response.TestThreatResponseAPI" name="test_openclaw_status_requires_auth" time="0.337" /><testcase classname="backend.tests.test_threat_response.TestThreatResponseAPI" name="test_test_sms_requires_config" time="0.270" /><testcase classname="backend.tests.test_threat_response.TestThreatResponseAPI" name="test_test_sms_requires_admin" time="0.333" /><testcase classname="backend.tests.test_threat_response.TestThreatResponseAPI" name="test_update_settings_endpoint" time="0.313" /><testcase classname="backend.tests.test_threat_response.TestThreatResponseAPI" name="test_update_settings_requires_admin" time="0.297" /><testcase classname="backend.tests.test_threat_response.TestThreatResponseIntegration" name="test_suricata_alert_triggers_response" time="0.318" /><testcase classname="backend.tests.test_threat_response.TestThreatResponseIntegration" name="test_intrusion_alert_creates_threat" time="0.340" /></testsuite></testsuites>