<?xml version="1.0" encoding="utf-8"?><testsuites name="pytest tests"><testsuite name="pytest" errors="0" failures="0" skipped="0" tests="26" time="8.827" timestamp="2026-03-03T14:10:10.850895+00:00" hostname="agent-env-5ed50fd1-046f-4740-9927-ddcd0ef8dd67"><testcase classname="tests.test_enterprise_security.TestEnterpriseStatus" name="test_enterprise_status_endpoint" time="0.519" /><testcase classname="tests.test_enterprise_security.TestCLIToolGateway" name="test_list_tools_endpoint" time="0.399" /><testcase classname="tests.test_enterprise_security.TestCLIToolGateway" name="test_get_specific_tool" time="0.412" /><testcase classname="tests.test_enterprise_security.TestCLIToolGateway" name="test_gateway_status" time="0.394" /><testcase classname="tests.test_enterprise_security.TestPolicyEngine" name="test_policy_evaluate_observe_action" time="0.414" /><testcase classname="tests.test_enterprise_security.TestPolicyEngine" name="test_policy_evaluate_remediate_action" time="0.388" /><testcase classname="tests.test_enterprise_security.TestPolicyEngine" name="test_policy_evaluate_denied_by_trust_state" time="0.401" /><testcase classname="tests.test_enterprise_security.TestPolicyEngine" name="test_policy_pending_approvals" time="0.428" /><testcase classname="tests.test_enterprise_security.TestPolicyEngine" name="test_policy_status" time="0.386" /><testcase classname="tests.test_enterprise_security.TestTelemetryChain" name="test_verify_chain_integrity" time="0.394" /><testcase classname="tests.test_enterprise_security.TestTelemetryChain" name="test_ingest_telemetry_event" time="0.401" /><testcase classname="tests.test_enterprise_security.TestTelemetryChain" name="test_query_telemetry_events" time="0.401" /><testcase classname="tests.test_enterprise_security.TestTelemetryChain" name="test_query_audit_trail" time="0.390" /><testcase classname="tests.test_enterprise_security.TestIdentityService" name="test_list_identities" time="0.421" /><testcase classname="tests.test_enterprise_security.TestIdentityService" name="test_get_attestation_nonce" time="0.409" /><testcase classname="tests.test_enterprise_security.TestIdentityService" name="test_submit_attestation" time="0.468" /><testcase classname="tests.test_enterprise_security.TestIdentityService" name="test_get_specific_identity" time="0.490" /><testcase classname="tests.test_enterprise_security.TestTokenBroker" name="test_get_active_tokens" time="0.405" /><testcase classname="tests.test_enterprise_security.TestTokenBroker" name="test_issue_capability_token" time="0.411" /><testcase classname="tests.test_enterprise_security.TestTokenBroker" name="test_token_broker_status" time="0.389" /><testcase classname="tests.test_enterprise_security.TestTokenBroker" name="test_revoke_token" time="0.433" /><testcase classname="tests.test_enterprise_security.TestServiceImplementations" name="test_identity_service_has_trust_scoring" time="0.003" /><testcase classname="tests.test_enterprise_security.TestServiceImplementations" name="test_policy_engine_has_action_categories" time="0.001" /><testcase classname="tests.test_enterprise_security.TestServiceImplementations" name="test_token_broker_has_capability_tokens" time="0.002" /><testcase classname="tests.test_enterprise_security.TestServiceImplementations" name="test_tool_gateway_has_7_registered_tools" time="0.001" /><testcase classname="tests.test_enterprise_security.TestServiceImplementations" name="test_telemetry_chain_has_hash_chains" time="0.001" /></testsuite></testsuites>