<?xml version="1.0" encoding="utf-8"?><testsuites name="pytest tests"><testsuite name="pytest" errors="0" failures="0" skipped="0" tests="20" time="2.479" timestamp="2026-02-09T16:31:08.468851+00:00" hostname="agent-env-262d71ae-e2f7-452f-9a5c-acf11d8e324c"><testcase classname="backend.tests.test_quarantine_notifications.TestAuthentication" name="test_login_success" time="0.309" /><testcase classname="backend.tests.test_quarantine_notifications.TestQuarantineEndpoints" name="test_quarantine_list_endpoint" time="0.304" /><testcase classname="backend.tests.test_quarantine_notifications.TestQuarantineEndpoints" name="test_quarantine_list_with_status_filter" time="0.041" /><testcase classname="backend.tests.test_quarantine_notifications.TestQuarantineEndpoints" name="test_quarantine_list_with_threat_type_filter" time="0.042" /><testcase classname="backend.tests.test_quarantine_notifications.TestQuarantineEndpoints" name="test_quarantine_summary_endpoint" time="0.039" /><testcase classname="backend.tests.test_quarantine_notifications.TestQuarantineEndpoints" name="test_quarantine_entry_not_found" time="0.040" /><testcase classname="backend.tests.test_quarantine_notifications.TestQuarantineEndpoints" name="test_quarantine_restore_not_found" time="0.046" /><testcase classname="backend.tests.test_quarantine_notifications.TestQuarantineEndpoints" name="test_quarantine_delete_not_found" time="0.039" /><testcase classname="backend.tests.test_quarantine_notifications.TestQuarantineEndpoints" name="test_quarantine_requires_auth" time="0.074" /><testcase classname="backend.tests.test_quarantine_notifications.TestNotificationSettings" name="test_get_notification_settings" time="0.300" /><testcase classname="backend.tests.test_quarantine_notifications.TestNotificationSettings" name="test_update_notification_settings" time="0.043" /><testcase classname="backend.tests.test_quarantine_notifications.TestNotificationSettings" name="test_notification_settings_requires_auth" time="0.035" /><testcase classname="backend.tests.test_quarantine_notifications.TestNotificationSettings" name="test_test_notification_endpoint" time="0.050" /><testcase classname="backend.tests.test_quarantine_notifications.TestElasticsearchStatus" name="test_elasticsearch_status_endpoint" time="0.301" /><testcase classname="backend.tests.test_quarantine_notifications.TestElasticsearchStatus" name="test_elasticsearch_status_requires_auth" time="0.038" /><testcase classname="backend.tests.test_quarantine_notifications.TestYARAMalwareDetection" name="test_yara_detection_event_endpoint" time="0.305" /><testcase classname="backend.tests.test_quarantine_notifications.TestExistingEndpointsStillWork" name="test_dashboard_stats" time="0.303" /><testcase classname="backend.tests.test_quarantine_notifications.TestExistingEndpointsStillWork" name="test_threats_list" time="0.038" /><testcase classname="backend.tests.test_quarantine_notifications.TestExistingEndpointsStillWork" name="test_alerts_list" time="0.037" /><testcase classname="backend.tests.test_quarantine_notifications.TestExistingEndpointsStillWork" name="test_agents_list" time="0.035" /></testsuite></testsuites>