<?xml version="1.0" encoding="utf-8"?><testsuites name="pytest tests"><testsuite name="pytest" errors="0" failures="0" skipped="0" tests="31" time="1.422" timestamp="2026-02-10T04:18:35.957949+00:00" hostname="agent-env-50e10b5e-22a2-49af-b317-1429281abf35"><testcase classname="backend.tests.test_kibana_live_preview.TestKibanaLivePreview" name="test_get_available_dashboards" time="0.338" /><testcase classname="backend.tests.test_kibana_live_preview.TestKibanaLivePreview" name="test_get_kibana_status" time="0.037" /><testcase classname="backend.tests.test_kibana_live_preview.TestKibanaLivePreview" name="test_get_dashboard_config[security-overview]" time="0.077" /><testcase classname="backend.tests.test_kibana_live_preview.TestKibanaLivePreview" name="test_get_dashboard_config[threat-intelligence]" time="0.044" /><testcase classname="backend.tests.test_kibana_live_preview.TestKibanaLivePreview" name="test_get_dashboard_config[geo-threat-map]" time="0.039" /><testcase classname="backend.tests.test_kibana_live_preview.TestKibanaLivePreview" name="test_get_dashboard_config[mitre-attack]" time="0.041" /><testcase classname="backend.tests.test_kibana_live_preview.TestKibanaLivePreview" name="test_get_dashboard_config[endpoint-security]" time="0.034" /><testcase classname="backend.tests.test_kibana_live_preview.TestKibanaLivePreview" name="test_get_dashboard_config[playbook-analytics]" time="0.077" /><testcase classname="backend.tests.test_kibana_live_preview.TestKibanaLivePreview" name="test_get_live_dashboard_data[security-overview]" time="0.041" /><testcase classname="backend.tests.test_kibana_live_preview.TestKibanaLivePreview" name="test_get_live_dashboard_data[threat-intelligence]" time="0.043" /><testcase classname="backend.tests.test_kibana_live_preview.TestKibanaLivePreview" name="test_get_live_dashboard_data[geo-threat-map]" time="0.035" /><testcase classname="backend.tests.test_kibana_live_preview.TestKibanaLivePreview" name="test_get_live_dashboard_data[mitre-attack]" time="0.035" /><testcase classname="backend.tests.test_kibana_live_preview.TestKibanaLivePreview" name="test_get_live_dashboard_data[endpoint-security]" time="0.043" /><testcase classname="backend.tests.test_kibana_live_preview.TestKibanaLivePreview" name="test_get_live_dashboard_data[playbook-analytics]" time="0.043" /><testcase classname="backend.tests.test_kibana_live_preview.TestKibanaLivePreview" name="test_security_overview_live_data_has_metrics" time="0.046" /><testcase classname="backend.tests.test_kibana_live_preview.TestKibanaLivePreview" name="test_mitre_attack_dashboard_has_heatmap" time="0.036" /><testcase classname="backend.tests.test_kibana_live_preview.TestKibanaLivePreview" name="test_geo_threat_map_has_map_data" time="0.037" /><testcase classname="backend.tests.test_kibana_live_preview.TestKibanaLivePreview" name="test_threat_intelligence_has_bar_charts" time="0.040" /><testcase classname="backend.tests.test_kibana_live_preview.TestKibanaLivePreview" name="test_export_dashboard" time="0.037" /><testcase classname="backend.tests.test_kibana_live_preview.TestKibanaLivePreview" name="test_export_all_dashboards" time="0.041" /><testcase classname="backend.tests.test_kibana_live_preview.TestKibanaLivePreview" name="test_get_dashboard_queries" time="0.037" /><testcase classname="backend.tests.test_kibana_live_preview.TestKibanaLivePreview" name="test_invalid_dashboard_returns_404" time="0.037" /><testcase classname="backend.tests.test_kibana_live_preview.TestKibanaLivePreview" name="test_invalid_live_data_returns_404" time="0.033" /><testcase classname="backend.tests.test_kibana_live_preview.TestCredentialTheftDetector" name="test_credential_theft_detector_class_exists" time="0.021" /><testcase classname="backend.tests.test_kibana_live_preview.TestCredentialTheftDetector" name="test_credential_theft_detector_has_required_attributes" time="0.005" /><testcase classname="backend.tests.test_kibana_live_preview.TestCredentialTheftDetector" name="test_credential_theft_tools_count" time="0.004" /><testcase classname="backend.tests.test_kibana_live_preview.TestCredentialTheftDetector" name="test_credential_scan_cli_option_exists" time="0.000" /><testcase classname="backend.tests.test_kibana_live_preview.TestCredentialTheftDetector" name="test_detector_scans_for_lsass_access" time="0.005" /><testcase classname="backend.tests.test_kibana_live_preview.TestCredentialTheftDetector" name="test_detector_scans_browser_credentials" time="0.005" /><testcase classname="backend.tests.test_kibana_live_preview.TestCredentialTheftDetector" name="test_detector_scans_ssh_keys" time="0.005" /><testcase classname="backend.tests.test_kibana_live_preview.TestCredentialTheftDetector" name="test_detector_knows_mimikatz" time="0.005" /></testsuite></testsuites>