<?xml version="1.0" encoding="utf-8"?><testsuites name="pytest tests"><testsuite name="pytest" errors="0" failures="0" skipped="0" tests="20" time="6.398" timestamp="2026-03-03T15:42:04.023909+00:00" hostname="agent-env-dad1f0b4-09dc-4a3f-9804-d9219852336b"><testcase classname="backend.tests.test_advanced_services.TestAdvancedServicesAuthentication" name="test_login_for_advanced_services" time="0.415" /><testcase classname="backend.tests.test_advanced_services.TestAdvancedDashboard" name="test_dashboard_returns_all_service_statuses" time="0.686" /><testcase classname="backend.tests.test_advanced_services.TestMCPServer" name="test_mcp_tools_list" time="0.441" /><testcase classname="backend.tests.test_advanced_services.TestMCPServer" name="test_mcp_status" time="0.130" /><testcase classname="backend.tests.test_advanced_services.TestVectorMemory" name="test_memory_store" time="0.452" /><testcase classname="backend.tests.test_advanced_services.TestVectorMemory" name="test_memory_search" time="0.118" /><testcase classname="backend.tests.test_advanced_services.TestVectorMemory" name="test_memory_stats" time="0.113" /><testcase classname="backend.tests.test_advanced_services.TestVNS" name="test_vns_record_flow" time="0.488" /><testcase classname="backend.tests.test_advanced_services.TestVNS" name="test_vns_stats" time="0.120" /><testcase classname="backend.tests.test_advanced_services.TestVNS" name="test_vns_flows_query" time="0.118" /><testcase classname="backend.tests.test_advanced_services.TestQuantumSecurity" name="test_quantum_status" time="0.551" /><testcase classname="backend.tests.test_advanced_services.TestQuantumSecurity" name="test_quantum_generate_kyber_keypair" time="0.129" /><testcase classname="backend.tests.test_advanced_services.TestQuantumSecurity" name="test_quantum_generate_dilithium_keypair" time="0.117" /><testcase classname="backend.tests.test_advanced_services.TestAIReasoning" name="test_ai_analyze_threat" time="0.471" /><testcase classname="backend.tests.test_advanced_services.TestAIReasoning" name="test_ai_query" time="0.118" /><testcase classname="backend.tests.test_advanced_services.TestAIReasoning" name="test_ai_ollama_status" time="0.151" /><testcase classname="backend.tests.test_advanced_services.TestAIReasoning" name="test_ai_stats" time="0.122" /><testcase classname="backend.tests.test_advanced_services.TestOllamaConfiguration" name="test_ollama_configure_endpoint" time="0.551" /><testcase classname="backend.tests.test_advanced_services.TestDNSRecording" name="test_vns_record_dns_query" time="0.471" /><testcase classname="backend.tests.test_advanced_services.TestIncidentCase" name="test_create_incident_case" time="0.530" /></testsuite></testsuites>