<?xml version="1.0" encoding="utf-8"?><testsuites name="pytest tests"><testsuite name="pytest" errors="0" failures="0" skipped="0" tests="15" time="184.247" timestamp="2026-02-11T14:53:11.612689+00:00" hostname="agent-env-e4b542f7-8e7a-43c5-b55c-d2c19632890b"><testcase classname="backend.tests.test_command_center_network.TestAuthentication" name="test_login_success" time="0.344" /><testcase classname="backend.tests.test_command_center_network.TestCriticalAlertsEndpoints" name="test_post_critical_alert" time="0.040" /><testcase classname="backend.tests.test_command_center_network.TestCriticalAlertsEndpoints" name="test_get_critical_alerts" time="0.300" /><testcase classname="backend.tests.test_command_center_network.TestCriticalAlertsEndpoints" name="test_get_critical_alerts_with_acknowledged_filter" time="0.727" /><testcase classname="backend.tests.test_command_center_network.TestDeploymentEndpoints" name="test_deploy_single_device" time="0.341" /><testcase classname="backend.tests.test_command_center_network.TestDeploymentEndpoints" name="test_deploy_winrm" time="90.418" /><testcase classname="backend.tests.test_command_center_network.TestNetworkTopologyEndpoints" name="test_get_network_topology" time="90.335" /><testcase classname="backend.tests.test_command_center_network.TestSwarmOverviewEndpoints" name="test_get_swarm_overview" time="0.355" /><testcase classname="backend.tests.test_command_center_network.TestTelemetryEndpoints" name="test_get_telemetry_critical" time="0.296" /><testcase classname="backend.tests.test_command_center_network.TestTelemetryEndpoints" name="test_ingest_telemetry" time="0.038" /><testcase classname="backend.tests.test_command_center_network.TestAgentCommandsEndpoints" name="test_get_pending_commands" time="0.302" /><testcase classname="backend.tests.test_command_center_network.TestAgentCommandsEndpoints" name="test_get_command_history" time="0.294" /><testcase classname="backend.tests.test_command_center_network.TestAgentCommandsEndpoints" name="test_get_agents_status" time="0.303" /><testcase classname="backend.tests.test_command_center_network.TestAgentDownloadEndpoints" name="test_download_v7_agent" time="0.046" /><testcase classname="backend.tests.test_command_center_network.TestAgentDownloadEndpoints" name="test_download_mobile_v7_agent" time="0.035" /></testsuite></testsuites>