<?xml version="1.0" encoding="utf-8"?><testsuites name="pytest tests"><testsuite name="pytest" errors="0" failures="0" skipped="0" tests="20" time="1.145" timestamp="2026-02-11T17:13:20.048801+00:00" hostname="agent-env-5ed50fd1-046f-4740-9927-ddcd0ef8dd67"><testcase classname="backend.tests.test_vpn_network_scanning.TestVPNEndpoints" name="test_vpn_server_config_returns_split_tunnel" time="0.289" /><testcase classname="backend.tests.test_vpn_network_scanning.TestVPNEndpoints" name="test_vpn_register_agent" time="0.265" /><testcase classname="backend.tests.test_vpn_network_scanning.TestVPNEndpoints" name="test_vpn_list_agents" time="0.266" /><testcase classname="backend.tests.test_vpn_network_scanning.TestAgentDownloadV7" name="test_agent_download_v7_returns_script" time="0.036" /><testcase classname="backend.tests.test_vpn_network_scanning.TestAgentDownloadV7" name="test_agent_v7_contains_network_scanner" time="0.042" /><testcase classname="backend.tests.test_vpn_network_scanning.TestAgentDownloadV7" name="test_agent_v7_contains_wifi_scanner" time="0.037" /><testcase classname="backend.tests.test_vpn_network_scanning.TestAgentDownloadV7" name="test_agent_v7_contains_bluetooth_scanner" time="0.038" /><testcase classname="backend.tests.test_vpn_network_scanning.TestAgentDownloadV7" name="test_agent_v7_contains_wireguard_vpn" time="0.035" /><testcase classname="backend.tests.test_vpn_network_scanning.TestAgentDownloadV7" name="test_agent_v7_dashboard_has_new_tabs" time="0.038" /><testcase classname="backend.tests.test_vpn_network_scanning.TestAgentDownloadV7" name="test_agent_v7_has_perform_network_scans" time="0.037" /><testcase classname="backend.tests.test_vpn_network_scanning.TestSeraphDefenderV7File" name="test_file_exists" time="0.000" /><testcase classname="backend.tests.test_vpn_network_scanning.TestSeraphDefenderV7File" name="test_network_scanner_class" time="0.001" /><testcase classname="backend.tests.test_vpn_network_scanning.TestSeraphDefenderV7File" name="test_wifi_scanner_class" time="0.000" /><testcase classname="backend.tests.test_vpn_network_scanning.TestSeraphDefenderV7File" name="test_bluetooth_scanner_class" time="0.000" /><testcase classname="backend.tests.test_vpn_network_scanning.TestSeraphDefenderV7File" name="test_wireguard_vpn_class" time="0.002" /><testcase classname="backend.tests.test_vpn_network_scanning.TestSeraphDefenderV7File" name="test_perform_network_scans_method" time="0.000" /><testcase classname="backend.tests.test_vpn_network_scanning.TestSeraphDefenderV7File" name="test_dashboard_tabs" time="0.000" /><testcase classname="backend.tests.test_vpn_network_scanning.TestSeraphMobileV7File" name="test_file_exists" time="0.000" /><testcase classname="backend.tests.test_vpn_network_scanning.TestSeraphMobileV7File" name="test_mobile_wifi_scanner_class" time="0.000" /><testcase classname="backend.tests.test_vpn_network_scanning.TestSeraphMobileV7File" name="test_mobile_bluetooth_scanner_class" time="0.000" /></testsuite></testsuites>