<?xml version="1.0" encoding="utf-8"?><testsuites name="pytest tests"><testsuite name="pytest" errors="0" failures="0" skipped="0" tests="35" time="10.971" timestamp="2026-02-09T18:40:31.791010+00:00" hostname="agent-env-41ae4c74-1b37-473d-a209-c16f5e8c833d"><testcase classname="tests.test_new_features_v3.TestAuthentication" name="test_login_success" time="0.295" /><testcase classname="tests.test_new_features_v3.TestCorrelationAPI" name="test_correlation_stats" time="0.305" /><testcase classname="tests.test_new_features_v3.TestCorrelationAPI" name="test_correlation_history" time="0.297" /><testcase classname="tests.test_new_features_v3.TestCorrelationAPI" name="test_correlation_auto_actions" time="0.302" /><testcase classname="tests.test_new_features_v3.TestCorrelationAPI" name="test_correlation_settings" time="0.304" /><testcase classname="tests.test_new_features_v3.TestCorrelationAPI" name="test_correlation_requires_auth" time="0.296" /><testcase classname="tests.test_new_features_v3.TestEDRAPI" name="test_edr_status" time="0.301" /><testcase classname="tests.test_new_features_v3.TestEDRAPI" name="test_edr_telemetry" time="0.335" /><testcase classname="tests.test_new_features_v3.TestEDRAPI" name="test_edr_process_tree" time="0.338" /><testcase classname="tests.test_new_features_v3.TestEDRAPI" name="test_edr_fim_status" time="0.298" /><testcase classname="tests.test_new_features_v3.TestEDRAPI" name="test_edr_usb_devices" time="0.300" /><testcase classname="tests.test_new_features_v3.TestEDRAPI" name="test_edr_memory_status" time="0.301" /><testcase classname="tests.test_new_features_v3.TestEDRAPI" name="test_edr_requires_auth" time="0.292" /><testcase classname="tests.test_new_features_v3.TestThreatIntelAPI" name="test_threat_intel_stats" time="0.300" /><testcase classname="tests.test_new_features_v3.TestThreatIntelAPI" name="test_threat_intel_check_ip" time="0.298" /><testcase classname="tests.test_new_features_v3.TestThreatIntelAPI" name="test_threat_intel_check_domain" time="0.302" /><testcase classname="tests.test_new_features_v3.TestThreatIntelAPI" name="test_threat_intel_bulk_check" time="0.323" /><testcase classname="tests.test_new_features_v3.TestThreatIntelAPI" name="test_threat_intel_feeds" time="0.302" /><testcase classname="tests.test_new_features_v3.TestThreatIntelAPI" name="test_threat_intel_recent_matches" time="0.350" /><testcase classname="tests.test_new_features_v3.TestThreatIntelAPI" name="test_threat_intel_requires_auth" time="0.338" /><testcase classname="tests.test_new_features_v3.TestRansomwareAPI" name="test_ransomware_status" time="0.297" /><testcase classname="tests.test_new_features_v3.TestRansomwareAPI" name="test_ransomware_canaries" time="0.300" /><testcase classname="tests.test_new_features_v3.TestRansomwareAPI" name="test_ransomware_protected_folders" time="0.296" /><testcase classname="tests.test_new_features_v3.TestRansomwareAPI" name="test_ransomware_behavioral_stats" time="0.298" /><testcase classname="tests.test_new_features_v3.TestRansomwareAPI" name="test_ransomware_requires_auth" time="0.294" /><testcase classname="tests.test_new_features_v3.TestContainerSecurityAPI" name="test_container_stats" time="0.300" /><testcase classname="tests.test_new_features_v3.TestContainerSecurityAPI" name="test_container_list" time="0.296" /><testcase classname="tests.test_new_features_v3.TestContainerSecurityAPI" name="test_container_scan_history" time="0.297" /><testcase classname="tests.test_new_features_v3.TestContainerSecurityAPI" name="test_container_runtime_events" time="0.302" /><testcase classname="tests.test_new_features_v3.TestContainerSecurityAPI" name="test_container_requires_auth" time="0.299" /><testcase classname="tests.test_new_features_v3.TestVPNAPI" name="test_vpn_status" time="0.298" /><testcase classname="tests.test_new_features_v3.TestVPNAPI" name="test_vpn_peers" time="0.314" /><testcase classname="tests.test_new_features_v3.TestVPNAPI" name="test_vpn_kill_switch" time="0.296" /><testcase classname="tests.test_new_features_v3.TestVPNAPI" name="test_vpn_requires_auth" time="0.318" /><testcase classname="tests.test_new_features_v3.TestNavigationIntegration" name="test_all_new_endpoints_accessible" time="0.525" /></testsuite></testsuites>