<?xml version="1.0" encoding="utf-8"?><testsuites name="pytest tests"><testsuite name="pytest" errors="0" failures="0" skipped="0" tests="25" time="2.599" timestamp="2026-02-11T16:37:05.818184+00:00" hostname="agent-env-e4b542f7-8e7a-43c5-b55c-d2c19632890b"><testcase classname="backend.tests.test_approval_deployment_browser.TestAgentCommandApproval" name="test_create_command_requires_write_permission" time="0.323" /><testcase classname="backend.tests.test_approval_deployment_browser.TestAgentCommandApproval" name="test_approve_command_with_write_permission" time="0.295" /><testcase classname="backend.tests.test_approval_deployment_browser.TestAgentCommandApproval" name="test_approval_creates_command_queue_entry" time="0.368" /><testcase classname="backend.tests.test_approval_deployment_browser.TestAgentCommandApproval" name="test_reject_command" time="0.321" /><testcase classname="backend.tests.test_approval_deployment_browser.TestAgentCommandApproval" name="test_get_pending_commands" time="0.272" /><testcase classname="backend.tests.test_approval_deployment_browser.TestAgentCommandApproval" name="test_get_command_types" time="0.269" /><testcase classname="backend.tests.test_approval_deployment_browser.TestBrowserExtensionDownload" name="test_download_browser_extension_zip" time="0.041" /><testcase classname="backend.tests.test_approval_deployment_browser.TestBrowserExtensionDownload" name="test_browser_extension_zip_contents" time="0.077" /><testcase classname="backend.tests.test_approval_deployment_browser.TestAgentScriptDetectionClasses" name="test_agent_script_exists" time="0.000" /><testcase classname="backend.tests.test_approval_deployment_browser.TestAgentScriptDetectionClasses" name="test_rootkit_detector_class" time="0.001" /><testcase classname="backend.tests.test_approval_deployment_browser.TestAgentScriptDetectionClasses" name="test_hidden_folder_detector_class" time="0.001" /><testcase classname="backend.tests.test_approval_deployment_browser.TestAgentScriptDetectionClasses" name="test_admin_privileges_monitor_class" time="0.001" /><testcase classname="backend.tests.test_approval_deployment_browser.TestAgentScriptDetectionClasses" name="test_alias_detector_class" time="0.001" /><testcase classname="backend.tests.test_approval_deployment_browser.TestAgentScriptDetectionClasses" name="test_file_indexer_class" time="0.000" /><testcase classname="backend.tests.test_approval_deployment_browser.TestAgentScriptDetectionClasses" name="test_detection_classes_initialized" time="0.000" /><testcase classname="backend.tests.test_approval_deployment_browser.TestDeploymentSimulation" name="test_deployment_service_code_has_simulation_mode" time="0.254" /><testcase classname="backend.tests.test_approval_deployment_browser.TestDeploymentSimulation" name="test_get_deployment_status" time="0.269" /><testcase classname="backend.tests.test_approval_deployment_browser.TestAgentDashboardTabs" name="test_dashboard_html_has_new_tabs" time="0.002" /><testcase classname="backend.tests.test_approval_deployment_browser.TestAgentDashboardTabs" name="test_dashboard_has_file_telemetry_panel" time="0.000" /><testcase classname="backend.tests.test_approval_deployment_browser.TestAgentDashboardTabs" name="test_dashboard_has_admin_info_panel" time="0.000" /><testcase classname="backend.tests.test_approval_deployment_browser.TestBrowserExtensionFiles" name="test_manifest_json_structure" time="0.000" /><testcase classname="backend.tests.test_approval_deployment_browser.TestBrowserExtensionFiles" name="test_background_js_has_threat_detection" time="0.000" /><testcase classname="backend.tests.test_approval_deployment_browser.TestBrowserExtensionFiles" name="test_content_js_has_xss_detection" time="0.000" /><testcase classname="backend.tests.test_approval_deployment_browser.TestBrowserExtensionFiles" name="test_popup_html_has_stats" time="0.000" /><testcase classname="backend.tests.test_approval_deployment_browser.TestBrowserExtensionFiles" name="test_blocked_html_exists" time="0.000" /></testsuite></testsuites>