<?xml version="1.0" encoding="utf-8"?><testsuites name="pytest tests"><testsuite name="pytest" errors="0" failures="0" skipped="0" tests="12" time="3.773" timestamp="2026-03-03T18:06:42.146065+00:00" hostname="agent-env-c6dc7fdf-4381-487b-af39-66d68f2f3c0b"><testcase classname="backend.tests.test_extension_multitenant_reports.TestBrowserExtension" name="test_extension_download_returns_valid_zip" time="0.223" /><testcase classname="backend.tests.test_extension_multitenant_reports.TestBrowserExtension" name="test_extension_check_domain_safe" time="0.115" /><testcase classname="backend.tests.test_extension_multitenant_reports.TestBrowserExtension" name="test_extension_check_domain_malicious" time="0.110" /><testcase classname="backend.tests.test_extension_multitenant_reports.TestBrowserExtension" name="test_extension_check_domain_suspicious_pattern" time="0.119" /><testcase classname="backend.tests.test_extension_multitenant_reports.TestPDFReports" name="test_reports_health_check" time="0.171" /><testcase classname="backend.tests.test_extension_multitenant_reports.TestPDFReports" name="test_reports_stress_test" time="0.541" /><testcase classname="backend.tests.test_extension_multitenant_reports.TestMultiTenant" name="test_tenant_tiers_returns_quota_info" time="0.519" /><testcase classname="backend.tests.test_extension_multitenant_reports.TestMultiTenant" name="test_tenant_stats_returns_statistics" time="0.470" /><testcase classname="backend.tests.test_extension_multitenant_reports.TestMultiTenant" name="test_list_tenants" time="0.479" /><testcase classname="backend.tests.test_extension_multitenant_reports.TestMultiTenant" name="test_create_tenant" time="0.469" /><testcase classname="backend.tests.test_extension_multitenant_reports.TestVPNStatus" name="test_vpn_status" time="0.477" /><testcase classname="backend.tests.test_extension_multitenant_reports.TestBuilderScript" name="test_builder_script_exists" time="0.000" /></testsuite></testsuites>