<?xml version="1.0" encoding="utf-8"?><testsuites name="pytest tests"><testsuite name="pytest" errors="0" failures="0" skipped="0" tests="36" time="9.987" timestamp="2026-02-09T17:48:07.016844+00:00" hostname="agent-env-bdeedc7a-000a-4f26-878f-2f220f7adbc8"><testcase classname="tests.test_refactored_api.TestHealthAndRoot" name="test_health_endpoint" time="0.080" /><testcase classname="tests.test_refactored_api.TestHealthAndRoot" name="test_root_endpoint" time="0.039" /><testcase classname="tests.test_refactored_api.TestAuthentication" name="test_register_new_user" time="0.271" /><testcase classname="tests.test_refactored_api.TestAuthentication" name="test_register_duplicate_email" time="0.341" /><testcase classname="tests.test_refactored_api.TestAuthentication" name="test_login_valid_credentials" time="0.258" /><testcase classname="tests.test_refactored_api.TestAuthentication" name="test_login_invalid_credentials" time="0.039" /><testcase classname="tests.test_refactored_api.TestAuthentication" name="test_get_me_authenticated" time="0.303" /><testcase classname="tests.test_refactored_api.TestAuthentication" name="test_get_me_unauthenticated" time="0.041" /><testcase classname="tests.test_refactored_api.TestThreats" name="test_get_threats" time="0.296" /><testcase classname="tests.test_refactored_api.TestThreats" name="test_create_threat" time="0.043" /><testcase classname="tests.test_refactored_api.TestThreats" name="test_get_threat_by_id" time="0.079" /><testcase classname="tests.test_refactored_api.TestThreats" name="test_get_threats_with_filter" time="0.043" /><testcase classname="tests.test_refactored_api.TestThreats" name="test_threats_requires_auth" time="0.038" /><testcase classname="tests.test_refactored_api.TestAlerts" name="test_get_alerts" time="0.302" /><testcase classname="tests.test_refactored_api.TestAlerts" name="test_create_alert" time="0.039" /><testcase classname="tests.test_refactored_api.TestAlerts" name="test_alerts_requires_auth" time="0.038" /><testcase classname="tests.test_refactored_api.TestDashboard" name="test_get_dashboard_stats" time="0.303" /><testcase classname="tests.test_refactored_api.TestDashboard" name="test_dashboard_requires_auth" time="0.036" /><testcase classname="tests.test_refactored_api.TestNetwork" name="test_get_network_topology" time="0.339" /><testcase classname="tests.test_refactored_api.TestNetwork" name="test_network_requires_auth" time="0.037" /><testcase classname="tests.test_refactored_api.TestAgentDownload" name="test_download_agent" time="0.195" /><testcase classname="tests.test_refactored_api.TestSettings" name="test_get_notification_settings" time="0.306" /><testcase classname="tests.test_refactored_api.TestSettings" name="test_settings_requires_auth" time="0.038" /><testcase classname="tests.test_refactored_api.TestQuarantine" name="test_get_quarantine_list" time="0.302" /><testcase classname="tests.test_refactored_api.TestQuarantine" name="test_get_quarantine_summary" time="0.077" /><testcase classname="tests.test_refactored_api.TestQuarantine" name="test_quarantine_requires_auth" time="0.038" /><testcase classname="tests.test_refactored_api.TestAdditionalRouters" name="test_ai_analysis_endpoint" time="5.523" /><testcase classname="tests.test_refactored_api.TestAdditionalRouters" name="test_hunting_endpoint" time="0.069" /><testcase classname="tests.test_refactored_api.TestAdditionalRouters" name="test_honeypots_endpoint" time="0.080" /><testcase classname="tests.test_refactored_api.TestAdditionalRouters" name="test_reports_endpoint" time="0.050" /><testcase classname="tests.test_refactored_api.TestAdditionalRouters" name="test_agents_list_endpoint" time="0.038" /><testcase classname="tests.test_refactored_api.TestAdditionalRouters" name="test_response_rules_endpoint" time="0.078" /><testcase classname="tests.test_refactored_api.TestAdditionalRouters" name="test_audit_logs_endpoint" time="0.038" /><testcase classname="tests.test_refactored_api.TestAdditionalRouters" name="test_timelines_endpoint" time="0.045" /><testcase classname="tests.test_refactored_api.TestAdditionalRouters" name="test_websocket_stats_endpoint" time="0.040" /><testcase classname="tests.test_refactored_api.TestAdditionalRouters" name="test_openclaw_config_endpoint" time="0.038" /></testsuite></testsuites>