<?xml version="1.0" encoding="utf-8"?><testsuites name="pytest tests"><testsuite name="pytest" errors="0" failures="0" skipped="0" tests="28" time="2.937" timestamp="2026-02-09T21:08:09.214317+00:00" hostname="agent-env-1c0b0c2b-d7ab-4f0d-a00a-f0fe8850be42"><testcase classname="tests.test_v4_ml_sandbox_features.TestAuthentication" name="test_auth_required_ml_stats" time="0.100" /><testcase classname="tests.test_v4_ml_sandbox_features.TestAuthentication" name="test_auth_required_sandbox_stats" time="0.041" /><testcase classname="tests.test_v4_ml_sandbox_features.TestAuthentication" name="test_auth_required_browser_isolation_stats" time="0.038" /><testcase classname="tests.test_v4_ml_sandbox_features.TestAuthentication" name="test_auth_required_kibana_dashboards" time="0.040" /><testcase classname="tests.test_v4_ml_sandbox_features.TestMLPrediction" name="test_ml_stats" time="0.308" /><testcase classname="tests.test_v4_ml_sandbox_features.TestMLPrediction" name="test_ml_predict_network" time="0.043" /><testcase classname="tests.test_v4_ml_sandbox_features.TestMLPrediction" name="test_ml_predict_process" time="0.039" /><testcase classname="tests.test_v4_ml_sandbox_features.TestMLPrediction" name="test_ml_predict_file" time="0.037" /><testcase classname="tests.test_v4_ml_sandbox_features.TestMLPrediction" name="test_ml_predict_user" time="0.041" /><testcase classname="tests.test_v4_ml_sandbox_features.TestMLPrediction" name="test_ml_get_predictions" time="0.039" /><testcase classname="tests.test_v4_ml_sandbox_features.TestSandboxAnalysis" name="test_sandbox_stats" time="0.340" /><testcase classname="tests.test_v4_ml_sandbox_features.TestSandboxAnalysis" name="test_sandbox_submit_url" time="0.044" /><testcase classname="tests.test_v4_ml_sandbox_features.TestSandboxAnalysis" name="test_sandbox_get_analyses" time="0.047" /><testcase classname="tests.test_v4_ml_sandbox_features.TestSandboxAnalysis" name="test_sandbox_get_queue" time="0.039" /><testcase classname="tests.test_v4_ml_sandbox_features.TestSandboxAnalysis" name="test_sandbox_get_signatures" time="0.036" /><testcase classname="tests.test_v4_ml_sandbox_features.TestBrowserIsolation" name="test_browser_isolation_stats" time="0.302" /><testcase classname="tests.test_v4_ml_sandbox_features.TestBrowserIsolation" name="test_browser_isolation_analyze_url" time="0.039" /><testcase classname="tests.test_v4_ml_sandbox_features.TestBrowserIsolation" name="test_browser_isolation_create_session" time="0.042" /><testcase classname="tests.test_v4_ml_sandbox_features.TestBrowserIsolation" name="test_browser_isolation_get_sessions" time="0.042" /><testcase classname="tests.test_v4_ml_sandbox_features.TestBrowserIsolation" name="test_browser_isolation_get_blocked_domains" time="0.036" /><testcase classname="tests.test_v4_ml_sandbox_features.TestBrowserIsolation" name="test_browser_isolation_get_modes" time="0.042" /><testcase classname="tests.test_v4_ml_sandbox_features.TestKibanaDashboards" name="test_kibana_get_dashboards" time="0.299" /><testcase classname="tests.test_v4_ml_sandbox_features.TestKibanaDashboards" name="test_kibana_get_status" time="0.040" /><testcase classname="tests.test_v4_ml_sandbox_features.TestKibanaDashboards" name="test_kibana_get_dashboard_details" time="0.100" /><testcase classname="tests.test_v4_ml_sandbox_features.TestKibanaDashboards" name="test_kibana_export_all" time="0.039" /><testcase classname="tests.test_v4_ml_sandbox_features.TestIntegration" name="test_ml_prediction_flow" time="0.374" /><testcase classname="tests.test_v4_ml_sandbox_features.TestIntegration" name="test_sandbox_analysis_flow" time="0.112" /><testcase classname="tests.test_v4_ml_sandbox_features.TestIntegration" name="test_browser_isolation_flow" time="0.127" /></testsuite></testsuites>