<?xml version="1.0" encoding="utf-8"?><testsuites name="pytest tests"><testsuite name="pytest" errors="0" failures="0" skipped="0" tests="13" time="4.998" timestamp="2026-03-03T17:29:54.932294+00:00" hostname="agent-env-c6dc7fdf-4381-487b-af39-66d68f2f3c0b"><testcase classname="tests.test_p1_p2_features" name="test_vns_alerts_status_endpoint" time="0.672" /><testcase classname="tests.test_p1_p2_features" name="test_vns_alerts_configure_endpoint" time="0.459" /><testcase classname="tests.test_p1_p2_features" name="test_soar_templates_count" time="0.557" /><testcase classname="tests.test_p1_p2_features" name="test_soar_stats" time="0.448" /><testcase classname="tests.test_p1_p2_features" name="test_soar_template_categories" time="0.471" /><testcase classname="tests.test_p1_p2_features" name="test_quantum_status_endpoint" time="0.444" /><testcase classname="tests.test_p1_p2_features" name="test_multi_tenant_service_import" time="0.002" /><testcase classname="tests.test_p1_p2_features" name="test_multi_tenant_quota_management" time="0.000" /><testcase classname="tests.test_p1_p2_features" name="test_health_endpoint" time="0.127" /><testcase classname="tests.test_p1_p2_features" name="test_api_root" time="0.108" /><testcase classname="tests.test_p1_p2_features" name="test_advanced_dashboard_endpoint" time="0.706" /><testcase classname="tests.test_p1_p2_features" name="test_sandbox_status_endpoint" time="0.457" /><testcase classname="tests.test_p1_p2_features" name="test_vns_stats_endpoint" time="0.462" /></testsuite></testsuites>