<?xml version="1.0" encoding="utf-8"?><testsuites name="pytest tests"><testsuite name="pytest" errors="0" failures="0" skipped="0" tests="22" time="4.719" timestamp="2026-02-10T21:10:33.908633+00:00" hostname="agent-env-5dc6d3e2-5280-4c9d-be5f-171a555a8f96"><testcase classname="backend.tests.test_scanner_mobile_features.TestScannerReportEndpoint" name="test_scanner_report_accepts_devices" time="0.076" /><testcase classname="backend.tests.test_scanner_mobile_features.TestScannerReportEndpoint" name="test_scanner_report_multiple_device_types" time="0.055" /><testcase classname="backend.tests.test_scanner_mobile_features.TestScannerReportEndpoint" name="test_scanner_report_no_auth_required" time="0.037" /><testcase classname="backend.tests.test_scanner_mobile_features.TestAgentDownloadEndpoints" name="test_download_scanner_script" time="0.043" /><testcase classname="backend.tests.test_scanner_mobile_features.TestAgentDownloadEndpoints" name="test_download_mobile_agent" time="0.034" /><testcase classname="backend.tests.test_scanner_mobile_features.TestAgentDownloadEndpoints" name="test_download_linux_agent" time="0.033" /><testcase classname="backend.tests.test_scanner_mobile_features.TestAgentDownloadEndpoints" name="test_download_windows_agent" time="0.042" /><testcase classname="backend.tests.test_scanner_mobile_features.TestAgentDownloadEndpoints" name="test_download_macos_agent" time="0.042" /><testcase classname="backend.tests.test_scanner_mobile_features.TestDevicesEndpoint" name="test_devices_returns_all_discovered" time="0.295" /><testcase classname="backend.tests.test_scanner_mobile_features.TestDevicesEndpoint" name="test_devices_have_correct_fields" time="0.303" /><testcase classname="backend.tests.test_scanner_mobile_features.TestDevicesEndpoint" name="test_devices_stats_by_os" time="0.301" /><testcase classname="backend.tests.test_scanner_mobile_features.TestDevicesEndpoint" name="test_deployable_flag_correct" time="0.341" /><testcase classname="backend.tests.test_scanner_mobile_features.TestDevicesEndpoint" name="test_mobile_manageable_flag_correct" time="0.338" /><testcase classname="backend.tests.test_scanner_mobile_features.TestOverviewEndpoint" name="test_overview_returns_device_count" time="0.298" /><testcase classname="backend.tests.test_scanner_mobile_features.TestOverviewEndpoint" name="test_overview_structure" time="0.299" /><testcase classname="backend.tests.test_scanner_mobile_features.TestScannersEndpoint" name="test_scanners_list" time="0.295" /><testcase classname="backend.tests.test_scanner_mobile_features.TestScannersEndpoint" name="test_scanner_has_required_fields" time="0.289" /><testcase classname="backend.tests.test_scanner_mobile_features.TestDeviceTypeIdentification" name="test_windows_identified" time="0.293" /><testcase classname="backend.tests.test_scanner_mobile_features.TestDeviceTypeIdentification" name="test_linux_identified" time="0.296" /><testcase classname="backend.tests.test_scanner_mobile_features.TestDeviceTypeIdentification" name="test_ios_identified" time="0.292" /><testcase classname="backend.tests.test_scanner_mobile_features.TestDeviceTypeIdentification" name="test_android_identified" time="0.294" /><testcase classname="backend.tests.test_scanner_mobile_features.TestDeviceTypeIdentification" name="test_iot_identified" time="0.294" /></testsuite></testsuites>