<?xml version="1.0" encoding="utf-8"?><testsuites name="pytest tests"><testsuite name="pytest" errors="0" failures="0" skipped="0" tests="20" time="3.348" timestamp="2026-02-09T16:13:40.692939+00:00" hostname="agent-env-262d71ae-e2f7-452f-9a5c-acf11d8e324c"><testcase classname="backend.tests.test_agent_download.TestHealthAndBasics" name="test_api_root" time="0.083" /><testcase classname="backend.tests.test_agent_download.TestAuthentication" name="test_login_success" time="0.270" /><testcase classname="backend.tests.test_agent_download.TestAuthentication" name="test_login_invalid_credentials" time="0.047" /><testcase classname="backend.tests.test_agent_download.TestAuthentication" name="test_register_duplicate_email" time="0.041" /><testcase classname="backend.tests.test_agent_download.TestAgentDownload" name="test_agent_download_endpoint_exists" time="0.139" /><testcase classname="backend.tests.test_agent_download.TestAgentDownload" name="test_agent_download_content_type" time="0.134" /><testcase classname="backend.tests.test_agent_download.TestAgentDownload" name="test_agent_download_filename" time="0.139" /><testcase classname="backend.tests.test_agent_download.TestAgentDownload" name="test_agent_download_content_has_nmap" time="0.148" /><testcase classname="backend.tests.test_agent_download.TestAgentDownload" name="test_agent_download_content_has_suricata" time="0.151" /><testcase classname="backend.tests.test_agent_download.TestAgentDownload" name="test_agent_download_content_has_falco" time="0.139" /><testcase classname="backend.tests.test_agent_download.TestAgentDownload" name="test_agent_download_content_has_yara" time="0.141" /><testcase classname="backend.tests.test_agent_download.TestAgentDownload" name="test_agent_download_content_has_clamav" time="0.138" /><testcase classname="backend.tests.test_agent_download.TestAgentDownload" name="test_agent_download_content_has_packet_capture" time="0.138" /><testcase classname="backend.tests.test_agent_download.TestAgentDownload" name="test_agent_download_content_has_data_recovery" time="0.141" /><testcase classname="backend.tests.test_agent_download.TestAgentDownload" name="test_agent_download_is_valid_python" time="0.140" /><testcase classname="backend.tests.test_agent_download.TestAgentDownload" name="test_agent_download_has_cloud_api_url" time="0.136" /><testcase classname="backend.tests.test_agent_download.TestDashboard" name="test_dashboard_stats" time="0.305" /><testcase classname="backend.tests.test_agent_download.TestAgentsEndpoint" name="test_agents_list" time="0.309" /><testcase classname="backend.tests.test_agent_download.TestAgentsEndpoint" name="test_discovered_hosts" time="0.301" /><testcase classname="backend.tests.test_agent_download.TestLegacyAgentDownload" name="test_legacy_agent_download" time="0.101" /></testsuite></testsuites>