<?xml version="1.0" encoding="utf-8"?><testsuites name="pytest tests"><testsuite name="pytest" errors="0" failures="0" skipped="0" tests="24" time="1.440" timestamp="2026-02-09T18:07:37.107034+00:00" hostname="agent-env-bdeedc7a-000a-4f26-878f-2f220f7adbc8"><testcase classname="tests.test_v3_security_features.TestAPIVersion" name="test_api_version_is_3_0_0" time="0.073" /><testcase classname="tests.test_v3_security_features.TestAPIVersion" name="test_api_features_include_v3_features" time="0.041" /><testcase classname="tests.test_v3_security_features.TestThreatIntelligence" name="test_get_threat_intel_stats" time="0.341" /><testcase classname="tests.test_v3_security_features.TestThreatIntelligence" name="test_check_single_indicator_ip" time="0.041" /><testcase classname="tests.test_v3_security_features.TestThreatIntelligence" name="test_check_single_indicator_domain" time="0.041" /><testcase classname="tests.test_v3_security_features.TestThreatIntelligence" name="test_check_bulk_indicators" time="0.044" /><testcase classname="tests.test_v3_security_features.TestThreatIntelligence" name="test_get_feeds_status" time="0.037" /><testcase classname="tests.test_v3_security_features.TestThreatIntelligence" name="test_get_recent_matches" time="0.037" /><testcase classname="tests.test_v3_security_features.TestRansomwareProtection" name="test_get_ransomware_status" time="0.035" /><testcase classname="tests.test_v3_security_features.TestRansomwareProtection" name="test_deploy_canaries" time="0.037" /><testcase classname="tests.test_v3_security_features.TestRansomwareProtection" name="test_get_canaries" time="0.045" /><testcase classname="tests.test_v3_security_features.TestRansomwareProtection" name="test_get_protected_folders" time="0.042" /><testcase classname="tests.test_v3_security_features.TestRansomwareProtection" name="test_get_behavioral_stats" time="0.046" /><testcase classname="tests.test_v3_security_features.TestContainerSecurity" name="test_get_container_stats" time="0.079" /><testcase classname="tests.test_v3_security_features.TestContainerSecurity" name="test_get_containers" time="0.079" /><testcase classname="tests.test_v3_security_features.TestContainerSecurity" name="test_get_scan_history" time="0.041" /><testcase classname="tests.test_v3_security_features.TestContainerSecurity" name="test_get_runtime_events" time="0.037" /><testcase classname="tests.test_v3_security_features.TestVPNIntegration" name="test_get_vpn_status" time="0.041" /><testcase classname="tests.test_v3_security_features.TestVPNIntegration" name="test_get_vpn_peers" time="0.036" /><testcase classname="tests.test_v3_security_features.TestVPNIntegration" name="test_get_kill_switch_status" time="0.037" /><testcase classname="tests.test_v3_security_features.TestAuthenticationRequired" name="test_threat_intel_requires_auth" time="0.032" /><testcase classname="tests.test_v3_security_features.TestAuthenticationRequired" name="test_ransomware_requires_auth" time="0.035" /><testcase classname="tests.test_v3_security_features.TestAuthenticationRequired" name="test_containers_requires_auth" time="0.038" /><testcase classname="tests.test_v3_security_features.TestAuthenticationRequired" name="test_vpn_requires_auth" time="0.034" /></testsuite></testsuites>