<?xml version="1.0" encoding="utf-8"?><testsuites name="pytest tests"><testsuite name="pytest" errors="0" failures="0" skipped="0" tests="20" time="5.022" timestamp="2026-03-03T18:22:01.673369+00:00" hostname="agent-env-c6dc7fdf-4381-487b-af39-66d68f2f3c0b"><testcase classname="tests.test_hardening_v29.TestAuthAndSetup" name="test_api_health" time="0.154" /><testcase classname="tests.test_hardening_v29.TestSOARTemplates" name="test_soar_templates_count" time="0.453" /><testcase classname="tests.test_hardening_v29.TestSOARTemplates" name="test_soar_stats" time="0.122" /><testcase classname="tests.test_hardening_v29.TestSOARTemplates" name="test_soar_playbooks" time="0.133" /><testcase classname="tests.test_hardening_v29.TestTenantsAPI" name="test_tenants_list" time="0.498" /><testcase classname="tests.test_hardening_v29.TestTenantsAPI" name="test_tenants_tiers" time="0.131" /><testcase classname="tests.test_hardening_v29.TestTenantsAPI" name="test_tenants_stats" time="0.126" /><testcase classname="tests.test_hardening_v29.TestUnifiedAgentAPI" name="test_unified_stats" time="0.452" /><testcase classname="tests.test_hardening_v29.TestUnifiedAgentAPI" name="test_unified_agents_list" time="0.107" /><testcase classname="tests.test_hardening_v29.TestUnifiedAgentAPI" name="test_unified_dashboard" time="0.125" /><testcase classname="tests.test_hardening_v29.TestVNSAlertsAPI" name="test_alerts_status" time="0.471" /><testcase classname="tests.test_hardening_v29.TestBrowserExtensionAPI" name="test_extension_download" time="0.178" /><testcase classname="tests.test_hardening_v29.TestBrowserExtensionAPI" name="test_extension_check_domain_safe" time="0.147" /><testcase classname="tests.test_hardening_v29.TestBrowserExtensionAPI" name="test_extension_check_domain_malicious" time="0.119" /><testcase classname="tests.test_hardening_v29.TestQuantumAndAdvancedAPI" name="test_quantum_status" time="0.496" /><testcase classname="tests.test_hardening_v29.TestQuantumAndAdvancedAPI" name="test_sandbox_status" time="0.127" /><testcase classname="tests.test_hardening_v29.TestReportsAPI" name="test_reports_health" time="0.479" /><testcase classname="tests.test_hardening_v29.TestReportsAPI" name="test_reports_stress" time="0.137" /><testcase classname="tests.test_hardening_v29.TestVPNAPI" name="test_vpn_status" time="0.509" /><testcase classname="tests.test_hardening_v29.TestBuilderScriptCheck" name="test_builder_script_exists" time="0.000" /></testsuite></testsuites>