<?xml version="1.0" encoding="utf-8"?><testsuites name="pytest tests"><testsuite name="pytest" errors="0" failures="0" skipped="0" tests="33" time="3.205" timestamp="2026-02-09T17:05:14.071213+00:00" hostname="agent-env-262d71ae-e2f7-452f-9a5c-acf11d8e324c"><testcase classname="backend.tests.test_audit_timeline_openclaw.TestAuthentication" name="test_admin_login" time="0.353" /><testcase classname="backend.tests.test_audit_timeline_openclaw.TestAuditLogEndpoints" name="test_get_audit_logs_requires_auth" time="0.043" /><testcase classname="backend.tests.test_audit_timeline_openclaw.TestAuditLogEndpoints" name="test_get_audit_logs_success" time="0.310" /><testcase classname="backend.tests.test_audit_timeline_openclaw.TestAuditLogEndpoints" name="test_get_audit_logs_with_filters" time="0.038" /><testcase classname="backend.tests.test_audit_timeline_openclaw.TestAuditLogEndpoints" name="test_get_audit_logs_severity_filter" time="0.038" /><testcase classname="backend.tests.test_audit_timeline_openclaw.TestAuditLogEndpoints" name="test_get_audit_stats_requires_auth" time="0.042" /><testcase classname="backend.tests.test_audit_timeline_openclaw.TestAuditLogEndpoints" name="test_get_audit_stats_success" time="0.043" /><testcase classname="backend.tests.test_audit_timeline_openclaw.TestAuditLogEndpoints" name="test_get_recent_audit" time="0.046" /><testcase classname="backend.tests.test_audit_timeline_openclaw.TestAuditLogEndpoints" name="test_audit_cleanup_requires_admin" time="0.039" /><testcase classname="backend.tests.test_audit_timeline_openclaw.TestAuditLogEndpoints" name="test_audit_cleanup_success" time="0.048" /><testcase classname="backend.tests.test_audit_timeline_openclaw.TestTimelineEndpoints" name="test_get_recent_timelines_requires_auth" time="0.034" /><testcase classname="backend.tests.test_audit_timeline_openclaw.TestTimelineEndpoints" name="test_get_recent_timelines_success" time="0.044" /><testcase classname="backend.tests.test_audit_timeline_openclaw.TestTimelineEndpoints" name="test_get_timeline_for_threat" time="0.114" /><testcase classname="backend.tests.test_audit_timeline_openclaw.TestTimelineEndpoints" name="test_get_timeline_not_found" time="0.040" /><testcase classname="backend.tests.test_audit_timeline_openclaw.TestTimelineEndpoints" name="test_export_timeline_json" time="0.046" /><testcase classname="backend.tests.test_audit_timeline_openclaw.TestTimelineEndpoints" name="test_export_timeline_markdown" time="0.041" /><testcase classname="backend.tests.test_audit_timeline_openclaw.TestTimelineEndpoints" name="test_export_timeline_invalid_format" time="0.039" /><testcase classname="backend.tests.test_audit_timeline_openclaw.TestWebSocketEndpoints" name="test_get_websocket_stats_requires_auth" time="0.079" /><testcase classname="backend.tests.test_audit_timeline_openclaw.TestWebSocketEndpoints" name="test_get_websocket_stats_success" time="0.037" /><testcase classname="backend.tests.test_audit_timeline_openclaw.TestWebSocketEndpoints" name="test_get_websocket_agents_requires_auth" time="0.040" /><testcase classname="backend.tests.test_audit_timeline_openclaw.TestWebSocketEndpoints" name="test_get_websocket_agents_success" time="0.039" /><testcase classname="backend.tests.test_audit_timeline_openclaw.TestWebSocketEndpoints" name="test_send_command_requires_admin" time="0.040" /><testcase classname="backend.tests.test_audit_timeline_openclaw.TestWebSocketEndpoints" name="test_send_command_to_offline_agent" time="0.046" /><testcase classname="backend.tests.test_audit_timeline_openclaw.TestWebSocketEndpoints" name="test_request_scan_invalid_type" time="0.040" /><testcase classname="backend.tests.test_audit_timeline_openclaw.TestWebSocketEndpoints" name="test_request_scan_valid_type" time="0.039" /><testcase classname="backend.tests.test_audit_timeline_openclaw.TestOpenClawEndpoints" name="test_get_openclaw_config_requires_admin" time="0.036" /><testcase classname="backend.tests.test_audit_timeline_openclaw.TestOpenClawEndpoints" name="test_get_openclaw_config_success" time="0.038" /><testcase classname="backend.tests.test_audit_timeline_openclaw.TestOpenClawEndpoints" name="test_update_openclaw_config_requires_admin" time="0.037" /><testcase classname="backend.tests.test_audit_timeline_openclaw.TestOpenClawEndpoints" name="test_update_openclaw_config_success" time="0.154" /><testcase classname="backend.tests.test_audit_timeline_openclaw.TestOpenClawEndpoints" name="test_test_openclaw_connection_requires_admin" time="0.037" /><testcase classname="backend.tests.test_audit_timeline_openclaw.TestOpenClawEndpoints" name="test_test_openclaw_connection_not_enabled" time="0.125" /><testcase classname="backend.tests.test_audit_timeline_openclaw.TestAuditLoggingIntegration" name="test_login_creates_audit_entry" time="0.862" /><testcase classname="backend.tests.test_audit_timeline_openclaw.TestAuditLoggingIntegration" name="test_timeline_view_creates_audit_entry" time="0.131" /></testsuite></testsuites>