<?xml version="1.0" encoding="utf-8"?><testsuites name="pytest tests"><testsuite name="pytest" errors="0" failures="0" skipped="0" tests="28" time="1.453" timestamp="2026-02-11T17:32:35.972896+00:00" hostname="agent-env-5ed50fd1-046f-4740-9927-ddcd0ef8dd67"><testcase classname="backend.tests.test_siem_usb_sandbox_autokill.TestSIEMIntegration" name="test_siem_status_endpoint_exists" time="0.351" /><testcase classname="backend.tests.test_siem_usb_sandbox_autokill.TestSIEMIntegration" name="test_siem_status_shows_elasticsearch" time="0.046" /><testcase classname="backend.tests.test_siem_usb_sandbox_autokill.TestSIEMIntegration" name="test_siem_test_endpoint_requires_auth" time="0.034" /><testcase classname="backend.tests.test_siem_usb_sandbox_autokill.TestSIEMIntegration" name="test_siem_test_endpoint_with_auth" time="0.252" /><testcase classname="backend.tests.test_siem_usb_sandbox_autokill.TestUSBScanEndpoints" name="test_usb_scan_endpoint_exists" time="0.049" /><testcase classname="backend.tests.test_siem_usb_sandbox_autokill.TestUSBScanEndpoints" name="test_usb_scans_list_endpoint" time="0.038" /><testcase classname="backend.tests.test_siem_usb_sandbox_autokill.TestSandboxEndpoints" name="test_sandbox_submit_endpoint_exists" time="0.077" /><testcase classname="backend.tests.test_siem_usb_sandbox_autokill.TestSandboxEndpoints" name="test_sandbox_status_endpoint" time="0.044" /><testcase classname="backend.tests.test_siem_usb_sandbox_autokill.TestAgentV7Features" name="test_agent_v7_download_endpoint" time="0.042" /><testcase classname="backend.tests.test_siem_usb_sandbox_autokill.TestAgentV7Features" name="test_agent_v7_has_siem_integration_class" time="0.046" /><testcase classname="backend.tests.test_siem_usb_sandbox_autokill.TestAgentV7Features" name="test_agent_v7_has_usb_scanner_class" time="0.041" /><testcase classname="backend.tests.test_siem_usb_sandbox_autokill.TestAgentV7Features" name="test_agent_v7_has_cuckoo_sandbox_class" time="0.044" /><testcase classname="backend.tests.test_siem_usb_sandbox_autokill.TestAgentV7Features" name="test_agent_v7_has_aggressive_auto_kill" time="0.042" /><testcase classname="backend.tests.test_siem_usb_sandbox_autokill.TestAgentV7Features" name="test_agent_v7_has_instant_kill_processes" time="0.040" /><testcase classname="backend.tests.test_siem_usb_sandbox_autokill.TestAgentV7Features" name="test_agent_v7_has_critical_patterns" time="0.045" /><testcase classname="backend.tests.test_siem_usb_sandbox_autokill.TestAgentV7Features" name="test_agent_v7_dashboard_has_usb_tab" time="0.053" /><testcase classname="backend.tests.test_siem_usb_sandbox_autokill.TestAgentV7Features" name="test_agent_v7_dashboard_has_sandbox_tab" time="0.043" /><testcase classname="backend.tests.test_siem_usb_sandbox_autokill.TestAgentV7Features" name="test_agent_v7_dashboard_has_siem_tab" time="0.037" /><testcase classname="backend.tests.test_siem_usb_sandbox_autokill.TestAgentV7Features" name="test_agent_v7_monitoring_loop_calls_usb_scanner" time="0.035" /><testcase classname="backend.tests.test_siem_usb_sandbox_autokill.TestAgentScriptFile" name="test_script_file_exists" time="0.000" /><testcase classname="backend.tests.test_siem_usb_sandbox_autokill.TestAgentScriptFile" name="test_script_has_siem_class" time="0.001" /><testcase classname="backend.tests.test_siem_usb_sandbox_autokill.TestAgentScriptFile" name="test_script_has_usb_scanner_class" time="0.001" /><testcase classname="backend.tests.test_siem_usb_sandbox_autokill.TestAgentScriptFile" name="test_script_has_cuckoo_sandbox_class" time="0.001" /><testcase classname="backend.tests.test_siem_usb_sandbox_autokill.TestAgentScriptFile" name="test_script_has_aggressive_auto_kill_config" time="0.001" /><testcase classname="backend.tests.test_siem_usb_sandbox_autokill.TestAgentScriptFile" name="test_script_has_instant_kill_processes" time="0.001" /><testcase classname="backend.tests.test_siem_usb_sandbox_autokill.TestAgentScriptFile" name="test_script_monitoring_loop_has_usb_check" time="0.000" /><testcase classname="backend.tests.test_siem_usb_sandbox_autokill.TestBackendSIEMService" name="test_siem_service_file_exists" time="0.000" /><testcase classname="backend.tests.test_siem_usb_sandbox_autokill.TestBackendSIEMService" name="test_siem_service_has_required_methods" time="0.000" /></testsuite></testsuites>