<?xml version="1.0" encoding="utf-8"?><testsuites name="pytest tests"><testsuite name="pytest" errors="0" failures="0" skipped="0" tests="8" time="1.568" timestamp="2026-03-03T15:59:51.480609+00:00" hostname="agent-env-dad1f0b4-09dc-4a3f-9804-d9219852336b"><testcase classname="tests.test_new_features_v6.TestCuckooSandbox" name="test_sandbox_status" time="0.502" /><testcase classname="tests.test_new_features_v6.TestVNSAlerts" name="test_alerts_status" time="0.123" /><testcase classname="tests.test_new_features_v6.TestVNSAlerts" name="test_configure_slack_webhook" time="0.138" /><testcase classname="tests.test_new_features_v6.TestVNSAlerts" name="test_configure_email" time="0.119" /><testcase classname="tests.test_new_features_v6.TestQuantumSecurity" name="test_quantum_status_mode" time="0.131" /><testcase classname="tests.test_new_features_v6.TestPDFReporting" name="test_generate_threat_intelligence_pdf" time="0.182" /><testcase classname="tests.test_new_features_v6.TestTacticalHeatmapData" name="test_threats_endpoint_for_heatmap" time="0.115" /><testcase classname="tests.test_new_features_v6.TestAdvancedDashboard" name="test_advanced_dashboard_includes_new_services" time="0.191" /></testsuite></testsuites>