<?xml version="1.0" encoding="utf-8"?><testsuites name="pytest tests"><testsuite name="pytest" errors="0" failures="0" skipped="0" tests="12" time="3.052" timestamp="2026-02-10T04:04:04.324523+00:00" hostname="agent-env-50e10b5e-22a2-49af-b317-1429281abf35"><testcase classname="backend.tests.test_data_visibility_features.TestAuthentication" name="test_login_success" time="0.297" /><testcase classname="backend.tests.test_data_visibility_features.TestTimelineEndpoints" name="test_get_recent_timelines" time="0.304" /><testcase classname="backend.tests.test_data_visibility_features.TestCorrelationEndpoints" name="test_get_correlation_history" time="0.297" /><testcase classname="backend.tests.test_data_visibility_features.TestMLPredictionEndpoints" name="test_get_predictions" time="0.297" /><testcase classname="backend.tests.test_data_visibility_features.TestNetworkHostsEndpoints" name="test_get_network_hosts" time="0.290" /><testcase classname="backend.tests.test_data_visibility_features.TestZeroTrustEndpoints" name="test_list_devices" time="0.301" /><testcase classname="backend.tests.test_data_visibility_features.TestZeroTrustEndpoints" name="test_register_device" time="0.074" /><testcase classname="backend.tests.test_data_visibility_features.TestAutoResponseEndpoints" name="test_get_response_settings" time="0.299" /><testcase classname="backend.tests.test_data_visibility_features.TestAutoResponseEndpoints" name="test_toggle_auto_block" time="0.133" /><testcase classname="backend.tests.test_data_visibility_features.TestVPNEndpoints" name="test_get_vpn_status" time="0.305" /><testcase classname="backend.tests.test_data_visibility_features.TestBrowserIsolationEndpoints" name="test_get_isolation_stats" time="0.292" /><testcase classname="backend.tests.test_data_visibility_features.TestBrowserIsolationEndpoints" name="test_get_isolation_modes" time="0.033" /></testsuite></testsuites>